2007.08.28 17:39 B C:\KNProc\KNTools_Aug2007\LapTopTools\importfile.m <-- SOEST_FTP /export/ftp1/ftp/pub/wellsjr/incoming/KN_m_files importfile.m
2007.08.28 17:39 B C:\KNProc\KNTools_Aug2007\LapTopTools\importLISSTfile.m <-- SOEST_FTP /export/ftp1/ftp/pub/wellsjr/incoming/KN_m_files importLISSTfile.m
2007.08.28 17:39 B C:\KNProc\KNTools_Aug2007\LapTopTools\importYSIfile.m <-- SOEST_FTP /export/ftp1/ftp/pub/wellsjr/incoming/KN_m_files importYSIfile.m
2007.08.28 17:39 B C:\KNProc\KNTools_Aug2007\LapTopTools\KN_Archive.m <-- SOEST_FTP /export/ftp1/ftp/pub/wellsjr/incoming/KN_m_files KN_Archive.m
2007.08.28 17:39 B C:\KNProc\KNTools_Aug2007\LapTopTools\KN_LISST_RUN_2007v2.m <-- SOEST_FTP /export/ftp1/ftp/pub/wellsjr/incoming/KN_m_files KN_LISST_RUN_2007v2.m
2007.08.28 17:39 B C:\KNProc\KNTools_Aug2007\LapTopTools\KN_Plot05.m <-- SOEST_FTP /export/ftp1/ftp/pub/wellsjr/incoming/KN_m_files KN_Plot05.m
2007.08.28 17:39 B C:\KNProc\KNTools_Aug2007\LapTopTools\KN_WQual_2007.m <-- SOEST_FTP /export/ftp1/ftp/pub/wellsjr/incoming/KN_m_files KN_WQual_2007.m
2007.08.28 17:39 B C:\KNProc\KNTools_Aug2007\LapTopTools\KN_YSI_RUN_2007.m <-- SOEST_FTP /export/ftp1/ftp/pub/wellsjr/incoming/KN_m_files KN_YSI_RUN_2007.m
2007.08.28 17:39 B C:\KNProc\KNTools_Aug2007\LapTopTools\KN_YSI_v2.m <-- SOEST_FTP /export/ftp1/ftp/pub/wellsjr/incoming/KN_m_files KN_YSI_v2.m
2007.08.28 17:39 B C:\KNProc\KNTools_Aug2007\LapTopTools\LISSToperate.m <-- SOEST_FTP /export/ftp1/ftp/pub/wellsjr/incoming/KN_m_files LISSToperate.m
2007.08.28 17:39 B C:\KNProc\KNTools_Aug2007\LapTopTools\timerX.m <-- SOEST_FTP /export/ftp1/ftp/pub/wellsjr/incoming/KN_m_files timerX.m
2007.08.28 17:39 B C:\KNProc\KNTools_Aug2007\LapTopTools\YSI_LISST_operate.m <-- SOEST_FTP /export/ftp1/ftp/pub/wellsjr/incoming/KN_m_files YSI_LISST_operate.m
2007.08.28 17:39 B C:\KNProc\KNTools_Aug2007\LapTopTools\YSI_RT_2007.m <-- SOEST_FTP /export/ftp1/ftp/pub/wellsjr/incoming/KN_m_files YSI_RT_2007.m
2007.08.28 17:39 B C:\KNProc\KNTools_Aug2007\LapTopTools\YSI_RUN_2007.m <-- SOEST_FTP /export/ftp1/ftp/pub/wellsjr/incoming/KN_m_files YSI_RUN_2007.m
2007.08.28 17:39 B C:\KNProc\KNTools_Aug2007\LapTopTools\YSIoperate.m <-- SOEST_FTP /export/ftp1/ftp/pub/wellsjr/incoming/KN_m_files YSIoperate.m
2007.08.28 17:39 B C:\KNProc\KNTools_Aug2007\LapTopTools\YSIoperate_GPMOD.m <-- SOEST_FTP /export/ftp1/ftp/pub/wellsjr/incoming/KN_m_files YSIoperate_GPMOD.m
2007.08.28 17:39 B C:\KNProc\KNTools_Aug2007\LapTopTools\YSIread.m <-- SOEST_FTP /export/ftp1/ftp/pub/wellsjr/incoming/KN_m_files YSIread.m
2007.08.28 17:46 B C:\KNProc\KNTools_Aug2007\LapTopTools\importfile.m --> ftp.soest.hawaii.edu /export/ftp1/ftp/pub/wellsjr/outgoing/Jones/LapTopTools importfile.m
2007.08.28 17:46 B C:\KNProc\KNTools_Aug2007\LapTopTools\importLISSTfile.m --> ftp.soest.hawaii.edu /export/ftp1/ftp/pub/wellsjr/outgoing/Jones/LapTopTools importLISSTfile.m
2007.08.28 17:46 B C:\KNProc\KNTools_Aug2007\LapTopTools\importYSIfile.m --> ftp.soest.hawaii.edu /export/ftp1/ftp/pub/wellsjr/outgoing/Jones/LapTopTools importYSIfile.m
2007.08.28 17:46 B C:\KNProc\KNTools_Aug2007\LapTopTools\KN_Archive.m --> ftp.soest.hawaii.edu /export/ftp1/ftp/pub/wellsjr/outgoing/Jones/LapTopTools KN_Archive.m
2007.08.28 17:46 B C:\KNProc\KNTools_Aug2007\LapTopTools\KN_LISST_RUN_2007v2.m --> ftp.soest.hawaii.edu /export/ftp1/ftp/pub/wellsjr/outgoing/Jones/LapTopTools KN_LISST_RUN_2007v2.m
2007.08.28 17:46 B C:\KNProc\KNTools_Aug2007\LapTopTools\KN_Plot05.m --> ftp.soest.hawaii.edu /export/ftp1/ftp/pub/wellsjr/outgoing/Jones/LapTopTools KN_Plot05.m
2007.08.28 17:46 B C:\KNProc\KNTools_Aug2007\LapTopTools\KN_WQual_2007.m --> ftp.soest.hawaii.edu /export/ftp1/ftp/pub/wellsjr/outgoing/Jones/LapTopTools KN_WQual_2007.m
2007.08.28 17:46 B C:\KNProc\KNTools_Aug2007\LapTopTools\KN_YSI_RUN_2007.m --> ftp.soest.hawaii.edu /export/ftp1/ftp/pub/wellsjr/outgoing/Jones/LapTopTools KN_YSI_RUN_2007.m
2007.08.28 17:46 B C:\KNProc\KNTools_Aug2007\LapTopTools\KN_YSI_v2.m --> ftp.soest.hawaii.edu /export/ftp1/ftp/pub/wellsjr/outgoing/Jones/LapTopTools KN_YSI_v2.m
2007.08.28 17:46 B C:\KNProc\KNTools_Aug2007\LapTopTools\LISSToperate.m --> ftp.soest.hawaii.edu /export/ftp1/ftp/pub/wellsjr/outgoing/Jones/LapTopTools LISSToperate.m
2007.08.28 17:46 B C:\KNProc\KNTools_Aug2007\LapTopTools\timerX.m --> ftp.soest.hawaii.edu /export/ftp1/ftp/pub/wellsjr/outgoing/Jones/LapTopTools timerX.m
